<?xml version="1.0" encoding="UTF-8"?>
<!-- Generated by org.testng.reporters.JUnitXMLReporter -->
<testsuite ignored="5" hostname="Rafia" failures="1" tests="1" name="Default test" time="7.009" errors="0" timestamp="2023-04-10T02:24:50 EDT">
  <testcase classname="com.rediff.qa.testcases.CreateAccountTest" name="varifyCreateAccountByEnteringAllValidFields" time="0.484">
    <failure type="java.lang.IllegalArgumentException" message="Keys to send should be a not null CharSequence">
      <![CDATA[java.lang.IllegalArgumentException: Keys to send should be a not null CharSequence
at org.openqa.selenium.remote.RemoteWebElement.sendKeys(RemoteWebElement.java:98)
at java.base/jdk.internal.reflect.NativeMethodAccessorImpl.invoke0(Native Method)
at java.base/jdk.internal.reflect.NativeMethodAccessorImpl.invoke(NativeMethodAccessorImpl.java:77)
at java.base/jdk.internal.reflect.DelegatingMethodAccessorImpl.invoke(DelegatingMethodAccessorImpl.java:43)
at java.base/java.lang.reflect.Method.invoke(Method.java:568)
at org.openqa.selenium.support.pagefactory.internal.LocatingElementHandler.invoke(LocatingElementHandler.java:52)
at jdk.proxy2/jdk.proxy2.$Proxy17.sendKeys(Unknown Source)
at com.rediff.qa.pages.CreateAccountPage.enterMobileNo(CreateAccountPage.java:88)
at com.rediff.qa.testcases.CreateAccountTest.varifyCreateAccountByEnteringAllValidFields(CreateAccountTest.java:64)
at java.base/jdk.internal.reflect.NativeMethodAccessorImpl.invoke0(Native Method)
at java.base/jdk.internal.reflect.NativeMethodAccessorImpl.invoke(NativeMethodAccessorImpl.java:77)
at java.base/jdk.internal.reflect.DelegatingMethodAccessorImpl.invoke(DelegatingMethodAccessorImpl.java:43)
at java.base/java.lang.reflect.Method.invoke(Method.java:568)
at org.testng.internal.invokers.MethodInvocationHelper.invokeMethod(MethodInvocationHelper.java:139)
at org.testng.internal.invokers.TestInvoker.invokeMethod(TestInvoker.java:677)
at org.testng.internal.invokers.TestInvoker.invokeTestMethod(TestInvoker.java:221)
at org.testng.internal.invokers.MethodRunner.runInSequence(MethodRunner.java:50)
at org.testng.internal.invokers.TestInvoker$MethodInvocationAgent.invoke(TestInvoker.java:969)
at org.testng.internal.invokers.TestInvoker.invokeTestMethods(TestInvoker.java:194)
at org.testng.internal.invokers.TestMethodWorker.invokeTestMethods(TestMethodWorker.java:148)
at org.testng.internal.invokers.TestMethodWorker.run(TestMethodWorker.java:128)
at java.base/java.util.ArrayList.forEach(ArrayList.java:1511)
at org.testng.TestRunner.privateRun(TestRunner.java:829)
at org.testng.TestRunner.run(TestRunner.java:602)
at org.testng.SuiteRunner.runTest(SuiteRunner.java:437)
at org.testng.SuiteRunner.runSequentially(SuiteRunner.java:431)
at org.testng.SuiteRunner.privateRun(SuiteRunner.java:391)
at org.testng.SuiteRunner.run(SuiteRunner.java:330)
at org.testng.SuiteRunnerWorker.runSuite(SuiteRunnerWorker.java:52)
at org.testng.SuiteRunnerWorker.run(SuiteRunnerWorker.java:95)
at org.testng.TestNG.runSuitesSequentially(TestNG.java:1256)
at org.testng.TestNG.runSuitesLocally(TestNG.java:1176)
at org.testng.TestNG.runSuites(TestNG.java:1099)
at org.testng.TestNG.run(TestNG.java:1067)
at org.testng.remote.AbstractRemoteTestNG.run(AbstractRemoteTestNG.java:115)
at org.testng.remote.RemoteTestNG.initAndRun(RemoteTestNG.java:251)
at org.testng.remote.RemoteTestNG.main(RemoteTestNG.java:77)
]]>
    </failure>
  </testcase> <!-- varifyCreateAccountByEnteringAllValidFields -->
  <testcase classname="com.rediff.qa.testcases.CreateAccountTest" name="verifyCreateAccountByEnteringFullNameAndRediffmailIDButOtherFieldsBlank" time="0.0">
    <ignored/>
  </testcase> <!-- verifyCreateAccountByEnteringFullNameAndRediffmailIDButOtherFieldsBlank -->
  <testcase classname="com.rediff.qa.testcases.CreateAccountTest" name="verifyCreateAccountByEnteringUptoRetypePassword" time="0.0">
    <ignored/>
  </testcase> <!-- verifyCreateAccountByEnteringUptoRetypePassword -->
  <testcase classname="com.rediff.qa.testcases.CreateAccountTest" name="verifyCreateAccountByEnteringUptoPassword" time="0.0">
    <ignored/>
  </testcase> <!-- verifyCreateAccountByEnteringUptoPassword -->
  <testcase classname="com.rediff.qa.testcases.CreateAccountTest" name="verifyCreateAccountByEnteringFullNameAndOtherFieldsBlank" time="0.0">
    <ignored/>
  </testcase> <!-- verifyCreateAccountByEnteringFullNameAndOtherFieldsBlank -->
  <testcase classname="com.rediff.qa.testcases.CreateAccountTest" name="verifyCreateAccountBySkippingAllValidFields" time="0.0">
    <ignored/>
  </testcase> <!-- verifyCreateAccountBySkippingAllValidFields -->
</testsuite> <!-- Default test -->
